[2020-03-12 08:02:29,577] TRACE [Controller id=0] Checking need to trigger auto leader balancing (kafka.controller.KafkaController)
[2020-03-12 08:02:29,587] DEBUG [Controller id=0] Preferred replicas by broker Map(0 -> Map(video-0 -> Vector(0), logging-0 -> Vector(0), servos-0 -> Vector(0), camera-0 -> Vector(0), algorithm-0 -> Vector(0), microphone-0 -> Vector(0))) (kafka.controller.KafkaController)
[2020-03-12 08:02:29,587] DEBUG [Controller id=0] Topics not in preferred replica for broker 0 Map() (kafka.controller.KafkaController)
[2020-03-12 08:02:29,587] TRACE [Controller id=0] Leader imbalance ratio for broker 0 is 0.0 (kafka.controller.KafkaController)
[2020-03-12 08:07:29,583] TRACE [Controller id=0] Checking need to trigger auto leader balancing (kafka.controller.KafkaController)
[2020-03-12 08:07:29,583] DEBUG [Controller id=0] Preferred replicas by broker Map(0 -> Map(video-0 -> Vector(0), logging-0 -> Vector(0), servos-0 -> Vector(0), camera-0 -> Vector(0), algorithm-0 -> Vector(0), microphone-0 -> Vector(0))) (kafka.controller.KafkaController)
[2020-03-12 08:07:29,583] DEBUG [Controller id=0] Topics not in preferred replica for broker 0 Map() (kafka.controller.KafkaController)
[2020-03-12 08:07:29,584] TRACE [Controller id=0] Leader imbalance ratio for broker 0 is 0.0 (kafka.controller.KafkaController)
[2020-03-12 08:12:29,582] TRACE [Controller id=0] Checking need to trigger auto leader balancing (kafka.controller.KafkaController)
[2020-03-12 08:12:29,583] DEBUG [Controller id=0] Preferred replicas by broker Map(0 -> Map(video-0 -> Vector(0), logging-0 -> Vector(0), servos-0 -> Vector(0), camera-0 -> Vector(0), algorithm-0 -> Vector(0), microphone-0 -> Vector(0))) (kafka.controller.KafkaController)
[2020-03-12 08:12:29,583] DEBUG [Controller id=0] Topics not in preferred replica for broker 0 Map() (kafka.controller.KafkaController)
[2020-03-12 08:12:29,584] TRACE [Controller id=0] Leader imbalance ratio for broker 0 is 0.0 (kafka.controller.KafkaController)
[2020-03-12 08:13:56,352] DEBUG preRegister called. Server=com.sun.jmx.mbeanserver.JmxMBeanServer@1b68ddbd, name=log4j:logger=kafka.controller (kafka.controller)
[2020-03-12 08:13:57,513] INFO [Controller id=0] Shutting down broker 0 (kafka.controller.KafkaController)
[2020-03-12 08:13:57,515] DEBUG [Controller id=0] All shutting down brokers: 0 (kafka.controller.KafkaController)
[2020-03-12 08:13:57,516] DEBUG [Controller id=0] Live brokers:  (kafka.controller.KafkaController)
[2020-03-12 08:13:57,531] TRACE [Controller id=0] All leaders = logging-0 -> (Leader:0,ISR:0,LeaderEpoch:0,ControllerEpoch:5),video-0 -> (Leader:0,ISR:0,LeaderEpoch:0,ControllerEpoch:2),servos-0 -> (Leader:0,ISR:0,LeaderEpoch:0,ControllerEpoch:2),camera-0 -> (Leader:0,ISR:0,LeaderEpoch:0,ControllerEpoch:2),algorithm-0 -> (Leader:0,ISR:0,LeaderEpoch:0,ControllerEpoch:2),microphone-0 -> (Leader:0,ISR:0,LeaderEpoch:0,ControllerEpoch:4) (kafka.controller.KafkaController)
[2020-03-12 08:13:58,673] INFO [ControllerEventThread controllerId=0] Shutting down (kafka.controller.ControllerEventManager$ControllerEventThread)
[2020-03-12 08:13:58,673] INFO [ControllerEventThread controllerId=0] Shutdown completed (kafka.controller.ControllerEventManager$ControllerEventThread)
[2020-03-12 08:13:58,673] INFO [ControllerEventThread controllerId=0] Stopped (kafka.controller.ControllerEventManager$ControllerEventThread)
[2020-03-12 08:13:58,674] DEBUG [Controller id=0] Resigning (kafka.controller.KafkaController)
[2020-03-12 08:13:58,675] DEBUG [Controller id=0] Unregister BrokerModifications handler for Set(0) (kafka.controller.KafkaController)
[2020-03-12 08:13:58,677] INFO [PartitionStateMachine controllerId=0] Stopped partition state machine (kafka.controller.PartitionStateMachine)
[2020-03-12 08:13:58,679] INFO [ReplicaStateMachine controllerId=0] Stopped replica state machine (kafka.controller.ReplicaStateMachine)
[2020-03-12 08:13:58,680] INFO [RequestSendThread controllerId=0] Shutting down (kafka.controller.RequestSendThread)
[2020-03-12 08:13:58,680] INFO [RequestSendThread controllerId=0] Stopped (kafka.controller.RequestSendThread)
[2020-03-12 08:13:58,680] INFO [RequestSendThread controllerId=0] Shutdown completed (kafka.controller.RequestSendThread)
[2020-03-12 08:13:58,682] INFO [Controller id=0] Resigned (kafka.controller.KafkaController)
[2020-03-12 08:14:29,105] DEBUG preRegister called. Server=com.sun.jmx.mbeanserver.JmxMBeanServer@1b68ddbd, name=log4j:logger=kafka.controller (kafka.controller)
[2020-03-12 08:14:31,531] INFO [ControllerEventThread controllerId=0] Starting (kafka.controller.ControllerEventManager$ControllerEventThread)
[2020-03-12 08:14:31,556] INFO [Controller id=0] 0 successfully elected as the controller (kafka.controller.KafkaController)
[2020-03-12 08:14:31,557] INFO [Controller id=0] Reading controller epoch from ZooKeeper (kafka.controller.KafkaController)
[2020-03-12 08:14:31,560] INFO [Controller id=0] Initialized controller epoch to 6 and zk version 5 (kafka.controller.KafkaController)
[2020-03-12 08:14:31,560] INFO [Controller id=0] Incrementing controller epoch in ZooKeeper (kafka.controller.KafkaController)
[2020-03-12 08:14:31,583] INFO [Controller id=0] Epoch incremented to 7 (kafka.controller.KafkaController)
[2020-03-12 08:14:31,583] INFO [Controller id=0] Registering handlers (kafka.controller.KafkaController)
[2020-03-12 08:14:31,590] INFO [Controller id=0] Deleting log dir event notifications (kafka.controller.KafkaController)
[2020-03-12 08:14:31,594] INFO [Controller id=0] Deleting isr change notifications (kafka.controller.KafkaController)
[2020-03-12 08:14:31,597] INFO [Controller id=0] Initializing controller context (kafka.controller.KafkaController)
[2020-03-12 08:14:31,662] DEBUG [Controller id=0] Register BrokerModifications handler for Set(0) (kafka.controller.KafkaController)
[2020-03-12 08:14:31,683] DEBUG [Channel manager on controller 0]: Controller 0 trying to connect to broker 0 (kafka.controller.ControllerChannelManager)
[2020-03-12 08:14:31,695] INFO [RequestSendThread controllerId=0] Starting (kafka.controller.RequestSendThread)
[2020-03-12 08:14:31,699] INFO [Controller id=0] Partitions being reassigned: Map() (kafka.controller.KafkaController)
[2020-03-12 08:14:31,701] INFO [Controller id=0] Currently active brokers in the cluster: Set(0) (kafka.controller.KafkaController)
[2020-03-12 08:14:31,701] INFO [Controller id=0] Currently shutting brokers in the cluster: Set() (kafka.controller.KafkaController)
[2020-03-12 08:14:31,702] INFO [Controller id=0] Current list of topics in the cluster: Set(logging, camera, microphone, algorithm, video, servos) (kafka.controller.KafkaController)
[2020-03-12 08:14:31,703] INFO [Controller id=0] Fetching topic deletions in progress (kafka.controller.KafkaController)
[2020-03-12 08:14:31,710] INFO [Controller id=0] List of topics to be deleted:  (kafka.controller.KafkaController)
[2020-03-12 08:14:31,711] INFO [Controller id=0] List of topics ineligible for deletion:  (kafka.controller.KafkaController)
[2020-03-12 08:14:31,712] INFO [Controller id=0] Initializing topic deletion manager (kafka.controller.KafkaController)
[2020-03-12 08:14:31,714] INFO [Controller id=0] Sending update metadata request (kafka.controller.KafkaController)
[2020-03-12 08:14:31,740] INFO [ReplicaStateMachine controllerId=0] Initializing replica state (kafka.controller.ReplicaStateMachine)
[2020-03-12 08:14:31,751] INFO [RequestSendThread controllerId=0] Controller 0 connected to 192.168.95.39:9092 (id: 0 rack: null) for sending state change requests (kafka.controller.RequestSendThread)
[2020-03-12 08:14:31,765] INFO [ReplicaStateMachine controllerId=0] Triggering online replica state changes (kafka.controller.ReplicaStateMachine)
[2020-03-12 08:14:31,820] INFO [ReplicaStateMachine controllerId=0] Started replica state machine with initial state -> Map([Topic=video,Partition=0,Replica=0] -> OnlineReplica, [Topic=microphone,Partition=0,Replica=0] -> OnlineReplica, [Topic=servos,Partition=0,Replica=0] -> OnlineReplica, [Topic=algorithm,Partition=0,Replica=0] -> OnlineReplica, [Topic=camera,Partition=0,Replica=0] -> OnlineReplica, [Topic=logging,Partition=0,Replica=0] -> OnlineReplica) (kafka.controller.ReplicaStateMachine)
[2020-03-12 08:14:31,822] INFO [PartitionStateMachine controllerId=0] Initializing partition state (kafka.controller.PartitionStateMachine)
[2020-03-12 08:14:31,826] INFO [PartitionStateMachine controllerId=0] Triggering online partition state changes (kafka.controller.PartitionStateMachine)
[2020-03-12 08:14:31,830] INFO [PartitionStateMachine controllerId=0] Started partition state machine with initial state -> Map(video-0 -> OnlinePartition, logging-0 -> OnlinePartition, servos-0 -> OnlinePartition, camera-0 -> OnlinePartition, algorithm-0 -> OnlinePartition, microphone-0 -> OnlinePartition) (kafka.controller.PartitionStateMachine)
[2020-03-12 08:14:31,830] INFO [Controller id=0] Ready to serve as the new controller with epoch 7 (kafka.controller.KafkaController)
[2020-03-12 08:14:31,837] INFO [Controller id=0] Partitions undergoing preferred replica election:  (kafka.controller.KafkaController)
[2020-03-12 08:14:31,838] INFO [Controller id=0] Partitions that completed preferred replica election:  (kafka.controller.KafkaController)
[2020-03-12 08:14:31,838] INFO [Controller id=0] Skipping preferred replica election for partitions due to topic deletion:  (kafka.controller.KafkaController)
[2020-03-12 08:14:31,839] INFO [Controller id=0] Resuming preferred replica election for partitions:  (kafka.controller.KafkaController)
[2020-03-12 08:14:31,840] INFO [Controller id=0] Starting preferred replica leader election for partitions  (kafka.controller.KafkaController)
[2020-03-12 08:14:31,857] INFO [Controller id=0] Starting the controller scheduler (kafka.controller.KafkaController)
[2020-03-12 08:14:36,865] TRACE [Controller id=0] Checking need to trigger auto leader balancing (kafka.controller.KafkaController)
[2020-03-12 08:14:36,867] DEBUG [Controller id=0] Preferred replicas by broker Map(0 -> Map(video-0 -> Vector(0), logging-0 -> Vector(0), servos-0 -> Vector(0), camera-0 -> Vector(0), algorithm-0 -> Vector(0), microphone-0 -> Vector(0))) (kafka.controller.KafkaController)
[2020-03-12 08:14:36,869] DEBUG [Controller id=0] Topics not in preferred replica for broker 0 Map() (kafka.controller.KafkaController)
[2020-03-12 08:14:36,870] TRACE [Controller id=0] Leader imbalance ratio for broker 0 is 0.0 (kafka.controller.KafkaController)
[2020-03-12 08:16:24,177] DEBUG preRegister called. Server=com.sun.jmx.mbeanserver.JmxMBeanServer@1b68ddbd, name=log4j:logger=kafka.controller (kafka.controller)
[2020-03-12 08:16:25,328] INFO [Controller id=0] Shutting down broker 0 (kafka.controller.KafkaController)
[2020-03-12 08:16:25,330] DEBUG [Controller id=0] All shutting down brokers: 0 (kafka.controller.KafkaController)
[2020-03-12 08:16:25,331] DEBUG [Controller id=0] Live brokers:  (kafka.controller.KafkaController)
[2020-03-12 08:16:25,340] TRACE [Controller id=0] All leaders = logging-0 -> (Leader:0,ISR:0,LeaderEpoch:0,ControllerEpoch:5),video-0 -> (Leader:0,ISR:0,LeaderEpoch:0,ControllerEpoch:2),servos-0 -> (Leader:0,ISR:0,LeaderEpoch:0,ControllerEpoch:2),camera-0 -> (Leader:0,ISR:0,LeaderEpoch:0,ControllerEpoch:2),algorithm-0 -> (Leader:0,ISR:0,LeaderEpoch:0,ControllerEpoch:2),microphone-0 -> (Leader:0,ISR:0,LeaderEpoch:0,ControllerEpoch:4) (kafka.controller.KafkaController)
[2020-03-12 08:16:26,404] INFO [ControllerEventThread controllerId=0] Shutting down (kafka.controller.ControllerEventManager$ControllerEventThread)
[2020-03-12 08:16:26,404] INFO [ControllerEventThread controllerId=0] Stopped (kafka.controller.ControllerEventManager$ControllerEventThread)
[2020-03-12 08:16:26,404] INFO [ControllerEventThread controllerId=0] Shutdown completed (kafka.controller.ControllerEventManager$ControllerEventThread)
[2020-03-12 08:16:26,405] DEBUG [Controller id=0] Resigning (kafka.controller.KafkaController)
[2020-03-12 08:16:26,405] DEBUG [Controller id=0] Unregister BrokerModifications handler for Set(0) (kafka.controller.KafkaController)
[2020-03-12 08:16:26,407] INFO [PartitionStateMachine controllerId=0] Stopped partition state machine (kafka.controller.PartitionStateMachine)
[2020-03-12 08:16:26,408] INFO [ReplicaStateMachine controllerId=0] Stopped replica state machine (kafka.controller.ReplicaStateMachine)
[2020-03-12 08:16:26,409] INFO [RequestSendThread controllerId=0] Shutting down (kafka.controller.RequestSendThread)
[2020-03-12 08:16:26,409] INFO [RequestSendThread controllerId=0] Stopped (kafka.controller.RequestSendThread)
[2020-03-12 08:16:26,409] INFO [RequestSendThread controllerId=0] Shutdown completed (kafka.controller.RequestSendThread)
[2020-03-12 08:16:26,411] INFO [Controller id=0] Resigned (kafka.controller.KafkaController)
