[2020-07-08 00:03:42,433] DEBUG preRegister called. Server=com.sun.jmx.mbeanserver.JmxMBeanServer@1b68ddbd, name=log4j:logger=state.change.logger (state.change.logger)
[2020-07-08 00:04:02,801] DEBUG preRegister called. Server=com.sun.jmx.mbeanserver.JmxMBeanServer@1b68ddbd, name=log4j:logger=state.change.logger (state.change.logger)
[2020-07-08 00:04:04,110] TRACE [Controller id=0 epoch=9] Sending UpdateMetadata request PartitionState(controllerEpoch=4, leader=0, leaderEpoch=0, isr=[0], zkVersion=0, replicas=[0], offlineReplicas=[]) to brokers Set(0) for partition video-0 (state.change.logger)
[2020-07-08 00:04:04,111] TRACE [Controller id=0 epoch=9] Sending UpdateMetadata request PartitionState(controllerEpoch=4, leader=0, leaderEpoch=0, isr=[0], zkVersion=0, replicas=[0], offlineReplicas=[]) to brokers Set(0) for partition logging-0 (state.change.logger)
[2020-07-08 00:04:04,111] TRACE [Controller id=0 epoch=9] Sending UpdateMetadata request PartitionState(controllerEpoch=4, leader=0, leaderEpoch=0, isr=[0], zkVersion=0, replicas=[0], offlineReplicas=[]) to brokers Set(0) for partition servos-0 (state.change.logger)
[2020-07-08 00:04:04,111] TRACE [Controller id=0 epoch=9] Sending UpdateMetadata request PartitionState(controllerEpoch=4, leader=0, leaderEpoch=0, isr=[0], zkVersion=0, replicas=[0], offlineReplicas=[]) to brokers Set(0) for partition camera-0 (state.change.logger)
[2020-07-08 00:04:04,111] TRACE [Controller id=0 epoch=9] Sending UpdateMetadata request PartitionState(controllerEpoch=4, leader=0, leaderEpoch=0, isr=[0], zkVersion=0, replicas=[0], offlineReplicas=[]) to brokers Set(0) for partition algorithm-0 (state.change.logger)
[2020-07-08 00:04:04,111] TRACE [Controller id=0 epoch=9] Sending UpdateMetadata request PartitionState(controllerEpoch=1, leader=0, leaderEpoch=0, isr=[0], zkVersion=0, replicas=[0], offlineReplicas=[]) to brokers Set(0) for partition storyteller-0 (state.change.logger)
[2020-07-08 00:04:04,111] TRACE [Controller id=0 epoch=9] Sending UpdateMetadata request PartitionState(controllerEpoch=4, leader=0, leaderEpoch=0, isr=[0], zkVersion=0, replicas=[0], offlineReplicas=[]) to brokers Set(0) for partition microphone-0 (state.change.logger)
[2020-07-08 00:04:04,136] TRACE [Controller id=0 epoch=9] Changed state of replica 0 for partition logging-0 from OnlineReplica to OnlineReplica (state.change.logger)
[2020-07-08 00:04:04,137] TRACE [Controller id=0 epoch=9] Changed state of replica 0 for partition servos-0 from OnlineReplica to OnlineReplica (state.change.logger)
[2020-07-08 00:04:04,137] TRACE [Controller id=0 epoch=9] Changed state of replica 0 for partition microphone-0 from OnlineReplica to OnlineReplica (state.change.logger)
[2020-07-08 00:04:04,137] TRACE [Controller id=0 epoch=9] Changed state of replica 0 for partition video-0 from OnlineReplica to OnlineReplica (state.change.logger)
[2020-07-08 00:04:04,137] TRACE [Controller id=0 epoch=9] Changed state of replica 0 for partition algorithm-0 from OnlineReplica to OnlineReplica (state.change.logger)
[2020-07-08 00:04:04,137] TRACE [Controller id=0 epoch=9] Changed state of replica 0 for partition camera-0 from OnlineReplica to OnlineReplica (state.change.logger)
[2020-07-08 00:04:04,137] TRACE [Controller id=0 epoch=9] Changed state of replica 0 for partition storyteller-0 from OnlineReplica to OnlineReplica (state.change.logger)
[2020-07-08 00:04:04,138] TRACE [Controller id=0 epoch=9] Sending become-leader LeaderAndIsr request PartitionState(controllerEpoch=4, leader=0, leaderEpoch=0, isr=0, zkVersion=0, replicas=0, isNew=false) to broker 0 for partition video-0 (state.change.logger)
[2020-07-08 00:04:04,139] TRACE [Controller id=0 epoch=9] Sending become-leader LeaderAndIsr request PartitionState(controllerEpoch=4, leader=0, leaderEpoch=0, isr=0, zkVersion=0, replicas=0, isNew=false) to broker 0 for partition logging-0 (state.change.logger)
[2020-07-08 00:04:04,139] TRACE [Controller id=0 epoch=9] Sending become-leader LeaderAndIsr request PartitionState(controllerEpoch=4, leader=0, leaderEpoch=0, isr=0, zkVersion=0, replicas=0, isNew=false) to broker 0 for partition servos-0 (state.change.logger)
[2020-07-08 00:04:04,139] TRACE [Controller id=0 epoch=9] Sending become-leader LeaderAndIsr request PartitionState(controllerEpoch=4, leader=0, leaderEpoch=0, isr=0, zkVersion=0, replicas=0, isNew=false) to broker 0 for partition camera-0 (state.change.logger)
[2020-07-08 00:04:04,139] TRACE [Controller id=0 epoch=9] Sending become-leader LeaderAndIsr request PartitionState(controllerEpoch=4, leader=0, leaderEpoch=0, isr=0, zkVersion=0, replicas=0, isNew=false) to broker 0 for partition algorithm-0 (state.change.logger)
[2020-07-08 00:04:04,139] TRACE [Controller id=0 epoch=9] Sending become-leader LeaderAndIsr request PartitionState(controllerEpoch=1, leader=0, leaderEpoch=0, isr=0, zkVersion=0, replicas=0, isNew=false) to broker 0 for partition storyteller-0 (state.change.logger)
[2020-07-08 00:04:04,139] TRACE [Controller id=0 epoch=9] Sending become-leader LeaderAndIsr request PartitionState(controllerEpoch=4, leader=0, leaderEpoch=0, isr=0, zkVersion=0, replicas=0, isNew=false) to broker 0 for partition microphone-0 (state.change.logger)
[2020-07-08 00:04:04,140] TRACE [Controller id=0 epoch=9] Sending UpdateMetadata request PartitionState(controllerEpoch=4, leader=0, leaderEpoch=0, isr=[0], zkVersion=0, replicas=[0], offlineReplicas=[]) to brokers Set(0) for partition video-0 (state.change.logger)
[2020-07-08 00:04:04,140] TRACE [Controller id=0 epoch=9] Sending UpdateMetadata request PartitionState(controllerEpoch=4, leader=0, leaderEpoch=0, isr=[0], zkVersion=0, replicas=[0], offlineReplicas=[]) to brokers Set(0) for partition logging-0 (state.change.logger)
[2020-07-08 00:04:04,140] TRACE [Controller id=0 epoch=9] Sending UpdateMetadata request PartitionState(controllerEpoch=4, leader=0, leaderEpoch=0, isr=[0], zkVersion=0, replicas=[0], offlineReplicas=[]) to brokers Set(0) for partition servos-0 (state.change.logger)
[2020-07-08 00:04:04,140] TRACE [Controller id=0 epoch=9] Sending UpdateMetadata request PartitionState(controllerEpoch=4, leader=0, leaderEpoch=0, isr=[0], zkVersion=0, replicas=[0], offlineReplicas=[]) to brokers Set(0) for partition camera-0 (state.change.logger)
[2020-07-08 00:04:04,140] TRACE [Controller id=0 epoch=9] Sending UpdateMetadata request PartitionState(controllerEpoch=4, leader=0, leaderEpoch=0, isr=[0], zkVersion=0, replicas=[0], offlineReplicas=[]) to brokers Set(0) for partition algorithm-0 (state.change.logger)
[2020-07-08 00:04:04,140] TRACE [Controller id=0 epoch=9] Sending UpdateMetadata request PartitionState(controllerEpoch=1, leader=0, leaderEpoch=0, isr=[0], zkVersion=0, replicas=[0], offlineReplicas=[]) to brokers Set(0) for partition storyteller-0 (state.change.logger)
[2020-07-08 00:04:04,140] TRACE [Controller id=0 epoch=9] Sending UpdateMetadata request PartitionState(controllerEpoch=4, leader=0, leaderEpoch=0, isr=[0], zkVersion=0, replicas=[0], offlineReplicas=[]) to brokers Set(0) for partition microphone-0 (state.change.logger)
[2020-07-08 00:04:04,141] TRACE [Broker id=0] Cached leader info PartitionState(controllerEpoch=4, leader=0, leaderEpoch=0, isr=[0], zkVersion=0, replicas=[0], offlineReplicas=[]) for partition algorithm-0 in response to UpdateMetadata request sent by controller 0 epoch 9 with correlation id 0 (state.change.logger)
[2020-07-08 00:04:04,141] TRACE [Broker id=0] Cached leader info PartitionState(controllerEpoch=4, leader=0, leaderEpoch=0, isr=[0], zkVersion=0, replicas=[0], offlineReplicas=[]) for partition logging-0 in response to UpdateMetadata request sent by controller 0 epoch 9 with correlation id 0 (state.change.logger)
[2020-07-08 00:04:04,141] TRACE [Broker id=0] Cached leader info PartitionState(controllerEpoch=4, leader=0, leaderEpoch=0, isr=[0], zkVersion=0, replicas=[0], offlineReplicas=[]) for partition servos-0 in response to UpdateMetadata request sent by controller 0 epoch 9 with correlation id 0 (state.change.logger)
[2020-07-08 00:04:04,141] TRACE [Broker id=0] Cached leader info PartitionState(controllerEpoch=4, leader=0, leaderEpoch=0, isr=[0], zkVersion=0, replicas=[0], offlineReplicas=[]) for partition video-0 in response to UpdateMetadata request sent by controller 0 epoch 9 with correlation id 0 (state.change.logger)
[2020-07-08 00:04:04,141] TRACE [Broker id=0] Cached leader info PartitionState(controllerEpoch=4, leader=0, leaderEpoch=0, isr=[0], zkVersion=0, replicas=[0], offlineReplicas=[]) for partition microphone-0 in response to UpdateMetadata request sent by controller 0 epoch 9 with correlation id 0 (state.change.logger)
[2020-07-08 00:04:04,141] TRACE [Broker id=0] Cached leader info PartitionState(controllerEpoch=4, leader=0, leaderEpoch=0, isr=[0], zkVersion=0, replicas=[0], offlineReplicas=[]) for partition camera-0 in response to UpdateMetadata request sent by controller 0 epoch 9 with correlation id 0 (state.change.logger)
[2020-07-08 00:04:04,141] TRACE [Broker id=0] Cached leader info PartitionState(controllerEpoch=1, leader=0, leaderEpoch=0, isr=[0], zkVersion=0, replicas=[0], offlineReplicas=[]) for partition storyteller-0 in response to UpdateMetadata request sent by controller 0 epoch 9 with correlation id 0 (state.change.logger)
[2020-07-08 00:04:04,147] TRACE [Controller id=0 epoch=9] Received response {error_code=0} for request UPDATE_METADATA with correlation id 0 sent to broker localhost:9092 (id: 0 rack: null) (state.change.logger)
[2020-07-08 00:04:04,151] TRACE [Broker id=0] Received LeaderAndIsr request PartitionState(controllerEpoch=4, leader=0, leaderEpoch=0, isr=0, zkVersion=0, replicas=0, isNew=false) correlation id 1 from controller 0 epoch 9 for partition algorithm-0 (state.change.logger)
[2020-07-08 00:04:04,151] TRACE [Broker id=0] Received LeaderAndIsr request PartitionState(controllerEpoch=4, leader=0, leaderEpoch=0, isr=0, zkVersion=0, replicas=0, isNew=false) correlation id 1 from controller 0 epoch 9 for partition logging-0 (state.change.logger)
[2020-07-08 00:04:04,151] TRACE [Broker id=0] Received LeaderAndIsr request PartitionState(controllerEpoch=4, leader=0, leaderEpoch=0, isr=0, zkVersion=0, replicas=0, isNew=false) correlation id 1 from controller 0 epoch 9 for partition servos-0 (state.change.logger)
[2020-07-08 00:04:04,151] TRACE [Broker id=0] Received LeaderAndIsr request PartitionState(controllerEpoch=4, leader=0, leaderEpoch=0, isr=0, zkVersion=0, replicas=0, isNew=false) correlation id 1 from controller 0 epoch 9 for partition video-0 (state.change.logger)
[2020-07-08 00:04:04,151] TRACE [Broker id=0] Received LeaderAndIsr request PartitionState(controllerEpoch=4, leader=0, leaderEpoch=0, isr=0, zkVersion=0, replicas=0, isNew=false) correlation id 1 from controller 0 epoch 9 for partition microphone-0 (state.change.logger)
[2020-07-08 00:04:04,151] TRACE [Broker id=0] Received LeaderAndIsr request PartitionState(controllerEpoch=4, leader=0, leaderEpoch=0, isr=0, zkVersion=0, replicas=0, isNew=false) correlation id 1 from controller 0 epoch 9 for partition camera-0 (state.change.logger)
[2020-07-08 00:04:04,151] TRACE [Broker id=0] Received LeaderAndIsr request PartitionState(controllerEpoch=1, leader=0, leaderEpoch=0, isr=0, zkVersion=0, replicas=0, isNew=false) correlation id 1 from controller 0 epoch 9 for partition storyteller-0 (state.change.logger)
[2020-07-08 00:04:04,158] TRACE [Broker id=0] Handling LeaderAndIsr request correlationId 1 from controller 0 epoch 9 starting the become-leader transition for partition servos-0 (state.change.logger)
[2020-07-08 00:04:04,158] TRACE [Broker id=0] Handling LeaderAndIsr request correlationId 1 from controller 0 epoch 9 starting the become-leader transition for partition logging-0 (state.change.logger)
[2020-07-08 00:04:04,158] TRACE [Broker id=0] Handling LeaderAndIsr request correlationId 1 from controller 0 epoch 9 starting the become-leader transition for partition video-0 (state.change.logger)
[2020-07-08 00:04:04,158] TRACE [Broker id=0] Handling LeaderAndIsr request correlationId 1 from controller 0 epoch 9 starting the become-leader transition for partition camera-0 (state.change.logger)
[2020-07-08 00:04:04,158] TRACE [Broker id=0] Handling LeaderAndIsr request correlationId 1 from controller 0 epoch 9 starting the become-leader transition for partition algorithm-0 (state.change.logger)
[2020-07-08 00:04:04,158] TRACE [Broker id=0] Handling LeaderAndIsr request correlationId 1 from controller 0 epoch 9 starting the become-leader transition for partition microphone-0 (state.change.logger)
[2020-07-08 00:04:04,158] TRACE [Broker id=0] Handling LeaderAndIsr request correlationId 1 from controller 0 epoch 9 starting the become-leader transition for partition storyteller-0 (state.change.logger)
[2020-07-08 00:04:04,179] TRACE [Broker id=0] Stopped fetchers as part of become-leader request from controller 0 epoch 9 with correlation id 1 for partition servos-0 (last update controller epoch 4) (state.change.logger)
[2020-07-08 00:04:04,181] TRACE [Broker id=0] Stopped fetchers as part of become-leader request from controller 0 epoch 9 with correlation id 1 for partition logging-0 (last update controller epoch 4) (state.change.logger)
[2020-07-08 00:04:04,183] TRACE [Broker id=0] Stopped fetchers as part of become-leader request from controller 0 epoch 9 with correlation id 1 for partition video-0 (last update controller epoch 4) (state.change.logger)
[2020-07-08 00:04:04,185] TRACE [Broker id=0] Stopped fetchers as part of become-leader request from controller 0 epoch 9 with correlation id 1 for partition camera-0 (last update controller epoch 4) (state.change.logger)
[2020-07-08 00:04:04,187] TRACE [Broker id=0] Stopped fetchers as part of become-leader request from controller 0 epoch 9 with correlation id 1 for partition algorithm-0 (last update controller epoch 4) (state.change.logger)
[2020-07-08 00:04:04,189] TRACE [Broker id=0] Stopped fetchers as part of become-leader request from controller 0 epoch 9 with correlation id 1 for partition microphone-0 (last update controller epoch 4) (state.change.logger)
[2020-07-08 00:04:04,190] TRACE [Broker id=0] Stopped fetchers as part of become-leader request from controller 0 epoch 9 with correlation id 1 for partition storyteller-0 (last update controller epoch 1) (state.change.logger)
[2020-07-08 00:04:04,191] TRACE [Broker id=0] Completed LeaderAndIsr request correlationId 1 from controller 0 epoch 9 for the become-leader transition for partition servos-0 (state.change.logger)
[2020-07-08 00:04:04,191] TRACE [Broker id=0] Completed LeaderAndIsr request correlationId 1 from controller 0 epoch 9 for the become-leader transition for partition logging-0 (state.change.logger)
[2020-07-08 00:04:04,191] TRACE [Broker id=0] Completed LeaderAndIsr request correlationId 1 from controller 0 epoch 9 for the become-leader transition for partition video-0 (state.change.logger)
[2020-07-08 00:04:04,191] TRACE [Broker id=0] Completed LeaderAndIsr request correlationId 1 from controller 0 epoch 9 for the become-leader transition for partition camera-0 (state.change.logger)
[2020-07-08 00:04:04,191] TRACE [Broker id=0] Completed LeaderAndIsr request correlationId 1 from controller 0 epoch 9 for the become-leader transition for partition algorithm-0 (state.change.logger)
[2020-07-08 00:04:04,191] TRACE [Broker id=0] Completed LeaderAndIsr request correlationId 1 from controller 0 epoch 9 for the become-leader transition for partition microphone-0 (state.change.logger)
[2020-07-08 00:04:04,191] TRACE [Broker id=0] Completed LeaderAndIsr request correlationId 1 from controller 0 epoch 9 for the become-leader transition for partition storyteller-0 (state.change.logger)
[2020-07-08 00:04:04,198] TRACE [Controller id=0 epoch=9] Received response {error_code=0,partitions=[{topic=algorithm,partition=0,error_code=0},{topic=logging,partition=0,error_code=0},{topic=servos,partition=0,error_code=0},{topic=video,partition=0,error_code=0},{topic=microphone,partition=0,error_code=0},{topic=camera,partition=0,error_code=0},{topic=storyteller,partition=0,error_code=0}]} for request LEADER_AND_ISR with correlation id 1 sent to broker localhost:9092 (id: 0 rack: null) (state.change.logger)
[2020-07-08 00:04:04,200] TRACE [Broker id=0] Cached leader info PartitionState(controllerEpoch=4, leader=0, leaderEpoch=0, isr=[0], zkVersion=0, replicas=[0], offlineReplicas=[]) for partition algorithm-0 in response to UpdateMetadata request sent by controller 0 epoch 9 with correlation id 2 (state.change.logger)
[2020-07-08 00:04:04,200] TRACE [Broker id=0] Cached leader info PartitionState(controllerEpoch=4, leader=0, leaderEpoch=0, isr=[0], zkVersion=0, replicas=[0], offlineReplicas=[]) for partition logging-0 in response to UpdateMetadata request sent by controller 0 epoch 9 with correlation id 2 (state.change.logger)
[2020-07-08 00:04:04,200] TRACE [Broker id=0] Cached leader info PartitionState(controllerEpoch=4, leader=0, leaderEpoch=0, isr=[0], zkVersion=0, replicas=[0], offlineReplicas=[]) for partition servos-0 in response to UpdateMetadata request sent by controller 0 epoch 9 with correlation id 2 (state.change.logger)
[2020-07-08 00:04:04,200] TRACE [Broker id=0] Cached leader info PartitionState(controllerEpoch=4, leader=0, leaderEpoch=0, isr=[0], zkVersion=0, replicas=[0], offlineReplicas=[]) for partition video-0 in response to UpdateMetadata request sent by controller 0 epoch 9 with correlation id 2 (state.change.logger)
[2020-07-08 00:04:04,200] TRACE [Broker id=0] Cached leader info PartitionState(controllerEpoch=4, leader=0, leaderEpoch=0, isr=[0], zkVersion=0, replicas=[0], offlineReplicas=[]) for partition microphone-0 in response to UpdateMetadata request sent by controller 0 epoch 9 with correlation id 2 (state.change.logger)
[2020-07-08 00:04:04,200] TRACE [Broker id=0] Cached leader info PartitionState(controllerEpoch=4, leader=0, leaderEpoch=0, isr=[0], zkVersion=0, replicas=[0], offlineReplicas=[]) for partition camera-0 in response to UpdateMetadata request sent by controller 0 epoch 9 with correlation id 2 (state.change.logger)
[2020-07-08 00:04:04,200] TRACE [Broker id=0] Cached leader info PartitionState(controllerEpoch=1, leader=0, leaderEpoch=0, isr=[0], zkVersion=0, replicas=[0], offlineReplicas=[]) for partition storyteller-0 in response to UpdateMetadata request sent by controller 0 epoch 9 with correlation id 2 (state.change.logger)
[2020-07-08 00:04:04,201] TRACE [Controller id=0 epoch=9] Received response {error_code=0} for request UPDATE_METADATA with correlation id 2 sent to broker localhost:9092 (id: 0 rack: null) (state.change.logger)
[2020-07-08 00:05:37,624] DEBUG preRegister called. Server=com.sun.jmx.mbeanserver.JmxMBeanServer@1b68ddbd, name=log4j:logger=state.change.logger (state.change.logger)
[2020-07-08 00:05:57,370] DEBUG preRegister called. Server=com.sun.jmx.mbeanserver.JmxMBeanServer@1b68ddbd, name=log4j:logger=state.change.logger (state.change.logger)
[2020-07-08 00:05:58,819] TRACE [Controller id=0 epoch=10] Sending UpdateMetadata request PartitionState(controllerEpoch=4, leader=0, leaderEpoch=0, isr=[0], zkVersion=0, replicas=[0], offlineReplicas=[]) to brokers Set(0) for partition video-0 (state.change.logger)
[2020-07-08 00:05:58,819] TRACE [Controller id=0 epoch=10] Sending UpdateMetadata request PartitionState(controllerEpoch=4, leader=0, leaderEpoch=0, isr=[0], zkVersion=0, replicas=[0], offlineReplicas=[]) to brokers Set(0) for partition logging-0 (state.change.logger)
[2020-07-08 00:05:58,819] TRACE [Controller id=0 epoch=10] Sending UpdateMetadata request PartitionState(controllerEpoch=4, leader=0, leaderEpoch=0, isr=[0], zkVersion=0, replicas=[0], offlineReplicas=[]) to brokers Set(0) for partition servos-0 (state.change.logger)
[2020-07-08 00:05:58,819] TRACE [Controller id=0 epoch=10] Sending UpdateMetadata request PartitionState(controllerEpoch=4, leader=0, leaderEpoch=0, isr=[0], zkVersion=0, replicas=[0], offlineReplicas=[]) to brokers Set(0) for partition camera-0 (state.change.logger)
[2020-07-08 00:05:58,819] TRACE [Controller id=0 epoch=10] Sending UpdateMetadata request PartitionState(controllerEpoch=4, leader=0, leaderEpoch=0, isr=[0], zkVersion=0, replicas=[0], offlineReplicas=[]) to brokers Set(0) for partition algorithm-0 (state.change.logger)
[2020-07-08 00:05:58,819] TRACE [Controller id=0 epoch=10] Sending UpdateMetadata request PartitionState(controllerEpoch=1, leader=0, leaderEpoch=0, isr=[0], zkVersion=0, replicas=[0], offlineReplicas=[]) to brokers Set(0) for partition storyteller-0 (state.change.logger)
[2020-07-08 00:05:58,819] TRACE [Controller id=0 epoch=10] Sending UpdateMetadata request PartitionState(controllerEpoch=4, leader=0, leaderEpoch=0, isr=[0], zkVersion=0, replicas=[0], offlineReplicas=[]) to brokers Set(0) for partition microphone-0 (state.change.logger)
[2020-07-08 00:05:58,845] TRACE [Controller id=0 epoch=10] Changed state of replica 0 for partition logging-0 from OnlineReplica to OnlineReplica (state.change.logger)
[2020-07-08 00:05:58,846] TRACE [Controller id=0 epoch=10] Changed state of replica 0 for partition servos-0 from OnlineReplica to OnlineReplica (state.change.logger)
[2020-07-08 00:05:58,846] TRACE [Controller id=0 epoch=10] Changed state of replica 0 for partition microphone-0 from OnlineReplica to OnlineReplica (state.change.logger)
[2020-07-08 00:05:58,846] TRACE [Controller id=0 epoch=10] Changed state of replica 0 for partition video-0 from OnlineReplica to OnlineReplica (state.change.logger)
[2020-07-08 00:05:58,846] TRACE [Controller id=0 epoch=10] Changed state of replica 0 for partition algorithm-0 from OnlineReplica to OnlineReplica (state.change.logger)
[2020-07-08 00:05:58,847] TRACE [Controller id=0 epoch=10] Changed state of replica 0 for partition camera-0 from OnlineReplica to OnlineReplica (state.change.logger)
[2020-07-08 00:05:58,847] TRACE [Controller id=0 epoch=10] Changed state of replica 0 for partition storyteller-0 from OnlineReplica to OnlineReplica (state.change.logger)
[2020-07-08 00:05:58,848] TRACE [Controller id=0 epoch=10] Sending become-leader LeaderAndIsr request PartitionState(controllerEpoch=4, leader=0, leaderEpoch=0, isr=0, zkVersion=0, replicas=0, isNew=false) to broker 0 for partition video-0 (state.change.logger)
[2020-07-08 00:05:58,848] TRACE [Controller id=0 epoch=10] Sending become-leader LeaderAndIsr request PartitionState(controllerEpoch=4, leader=0, leaderEpoch=0, isr=0, zkVersion=0, replicas=0, isNew=false) to broker 0 for partition logging-0 (state.change.logger)
[2020-07-08 00:05:58,848] TRACE [Controller id=0 epoch=10] Sending become-leader LeaderAndIsr request PartitionState(controllerEpoch=4, leader=0, leaderEpoch=0, isr=0, zkVersion=0, replicas=0, isNew=false) to broker 0 for partition servos-0 (state.change.logger)
[2020-07-08 00:05:58,848] TRACE [Controller id=0 epoch=10] Sending become-leader LeaderAndIsr request PartitionState(controllerEpoch=4, leader=0, leaderEpoch=0, isr=0, zkVersion=0, replicas=0, isNew=false) to broker 0 for partition camera-0 (state.change.logger)
[2020-07-08 00:05:58,848] TRACE [Controller id=0 epoch=10] Sending become-leader LeaderAndIsr request PartitionState(controllerEpoch=4, leader=0, leaderEpoch=0, isr=0, zkVersion=0, replicas=0, isNew=false) to broker 0 for partition algorithm-0 (state.change.logger)
[2020-07-08 00:05:58,848] TRACE [Controller id=0 epoch=10] Sending become-leader LeaderAndIsr request PartitionState(controllerEpoch=1, leader=0, leaderEpoch=0, isr=0, zkVersion=0, replicas=0, isNew=false) to broker 0 for partition storyteller-0 (state.change.logger)
[2020-07-08 00:05:58,848] TRACE [Controller id=0 epoch=10] Sending become-leader LeaderAndIsr request PartitionState(controllerEpoch=4, leader=0, leaderEpoch=0, isr=0, zkVersion=0, replicas=0, isNew=false) to broker 0 for partition microphone-0 (state.change.logger)
[2020-07-08 00:05:58,850] TRACE [Controller id=0 epoch=10] Sending UpdateMetadata request PartitionState(controllerEpoch=4, leader=0, leaderEpoch=0, isr=[0], zkVersion=0, replicas=[0], offlineReplicas=[]) to brokers Set(0) for partition video-0 (state.change.logger)
[2020-07-08 00:05:58,850] TRACE [Controller id=0 epoch=10] Sending UpdateMetadata request PartitionState(controllerEpoch=4, leader=0, leaderEpoch=0, isr=[0], zkVersion=0, replicas=[0], offlineReplicas=[]) to brokers Set(0) for partition logging-0 (state.change.logger)
[2020-07-08 00:05:58,850] TRACE [Controller id=0 epoch=10] Sending UpdateMetadata request PartitionState(controllerEpoch=4, leader=0, leaderEpoch=0, isr=[0], zkVersion=0, replicas=[0], offlineReplicas=[]) to brokers Set(0) for partition servos-0 (state.change.logger)
[2020-07-08 00:05:58,850] TRACE [Controller id=0 epoch=10] Sending UpdateMetadata request PartitionState(controllerEpoch=4, leader=0, leaderEpoch=0, isr=[0], zkVersion=0, replicas=[0], offlineReplicas=[]) to brokers Set(0) for partition camera-0 (state.change.logger)
[2020-07-08 00:05:58,850] TRACE [Controller id=0 epoch=10] Sending UpdateMetadata request PartitionState(controllerEpoch=4, leader=0, leaderEpoch=0, isr=[0], zkVersion=0, replicas=[0], offlineReplicas=[]) to brokers Set(0) for partition algorithm-0 (state.change.logger)
[2020-07-08 00:05:58,850] TRACE [Controller id=0 epoch=10] Sending UpdateMetadata request PartitionState(controllerEpoch=1, leader=0, leaderEpoch=0, isr=[0], zkVersion=0, replicas=[0], offlineReplicas=[]) to brokers Set(0) for partition storyteller-0 (state.change.logger)
[2020-07-08 00:05:58,850] TRACE [Controller id=0 epoch=10] Sending UpdateMetadata request PartitionState(controllerEpoch=4, leader=0, leaderEpoch=0, isr=[0], zkVersion=0, replicas=[0], offlineReplicas=[]) to brokers Set(0) for partition microphone-0 (state.change.logger)
[2020-07-08 00:05:58,853] TRACE [Broker id=0] Cached leader info PartitionState(controllerEpoch=4, leader=0, leaderEpoch=0, isr=[0], zkVersion=0, replicas=[0], offlineReplicas=[]) for partition algorithm-0 in response to UpdateMetadata request sent by controller 0 epoch 10 with correlation id 0 (state.change.logger)
[2020-07-08 00:05:58,853] TRACE [Broker id=0] Cached leader info PartitionState(controllerEpoch=4, leader=0, leaderEpoch=0, isr=[0], zkVersion=0, replicas=[0], offlineReplicas=[]) for partition logging-0 in response to UpdateMetadata request sent by controller 0 epoch 10 with correlation id 0 (state.change.logger)
[2020-07-08 00:05:58,853] TRACE [Broker id=0] Cached leader info PartitionState(controllerEpoch=4, leader=0, leaderEpoch=0, isr=[0], zkVersion=0, replicas=[0], offlineReplicas=[]) for partition servos-0 in response to UpdateMetadata request sent by controller 0 epoch 10 with correlation id 0 (state.change.logger)
[2020-07-08 00:05:58,854] TRACE [Broker id=0] Cached leader info PartitionState(controllerEpoch=4, leader=0, leaderEpoch=0, isr=[0], zkVersion=0, replicas=[0], offlineReplicas=[]) for partition video-0 in response to UpdateMetadata request sent by controller 0 epoch 10 with correlation id 0 (state.change.logger)
[2020-07-08 00:05:58,854] TRACE [Broker id=0] Cached leader info PartitionState(controllerEpoch=4, leader=0, leaderEpoch=0, isr=[0], zkVersion=0, replicas=[0], offlineReplicas=[]) for partition microphone-0 in response to UpdateMetadata request sent by controller 0 epoch 10 with correlation id 0 (state.change.logger)
[2020-07-08 00:05:58,854] TRACE [Broker id=0] Cached leader info PartitionState(controllerEpoch=4, leader=0, leaderEpoch=0, isr=[0], zkVersion=0, replicas=[0], offlineReplicas=[]) for partition camera-0 in response to UpdateMetadata request sent by controller 0 epoch 10 with correlation id 0 (state.change.logger)
[2020-07-08 00:05:58,854] TRACE [Broker id=0] Cached leader info PartitionState(controllerEpoch=1, leader=0, leaderEpoch=0, isr=[0], zkVersion=0, replicas=[0], offlineReplicas=[]) for partition storyteller-0 in response to UpdateMetadata request sent by controller 0 epoch 10 with correlation id 0 (state.change.logger)
[2020-07-08 00:05:58,860] TRACE [Controller id=0 epoch=10] Received response {error_code=0} for request UPDATE_METADATA with correlation id 0 sent to broker client.openvpn.net:9092 (id: 0 rack: null) (state.change.logger)
[2020-07-08 00:05:58,864] TRACE [Broker id=0] Received LeaderAndIsr request PartitionState(controllerEpoch=4, leader=0, leaderEpoch=0, isr=0, zkVersion=0, replicas=0, isNew=false) correlation id 1 from controller 0 epoch 10 for partition algorithm-0 (state.change.logger)
[2020-07-08 00:05:58,864] TRACE [Broker id=0] Received LeaderAndIsr request PartitionState(controllerEpoch=4, leader=0, leaderEpoch=0, isr=0, zkVersion=0, replicas=0, isNew=false) correlation id 1 from controller 0 epoch 10 for partition logging-0 (state.change.logger)
[2020-07-08 00:05:58,864] TRACE [Broker id=0] Received LeaderAndIsr request PartitionState(controllerEpoch=4, leader=0, leaderEpoch=0, isr=0, zkVersion=0, replicas=0, isNew=false) correlation id 1 from controller 0 epoch 10 for partition servos-0 (state.change.logger)
[2020-07-08 00:05:58,864] TRACE [Broker id=0] Received LeaderAndIsr request PartitionState(controllerEpoch=4, leader=0, leaderEpoch=0, isr=0, zkVersion=0, replicas=0, isNew=false) correlation id 1 from controller 0 epoch 10 for partition video-0 (state.change.logger)
[2020-07-08 00:05:58,864] TRACE [Broker id=0] Received LeaderAndIsr request PartitionState(controllerEpoch=4, leader=0, leaderEpoch=0, isr=0, zkVersion=0, replicas=0, isNew=false) correlation id 1 from controller 0 epoch 10 for partition microphone-0 (state.change.logger)
[2020-07-08 00:05:58,864] TRACE [Broker id=0] Received LeaderAndIsr request PartitionState(controllerEpoch=4, leader=0, leaderEpoch=0, isr=0, zkVersion=0, replicas=0, isNew=false) correlation id 1 from controller 0 epoch 10 for partition camera-0 (state.change.logger)
[2020-07-08 00:05:58,864] TRACE [Broker id=0] Received LeaderAndIsr request PartitionState(controllerEpoch=1, leader=0, leaderEpoch=0, isr=0, zkVersion=0, replicas=0, isNew=false) correlation id 1 from controller 0 epoch 10 for partition storyteller-0 (state.change.logger)
[2020-07-08 00:05:58,871] TRACE [Broker id=0] Handling LeaderAndIsr request correlationId 1 from controller 0 epoch 10 starting the become-leader transition for partition servos-0 (state.change.logger)
[2020-07-08 00:05:58,871] TRACE [Broker id=0] Handling LeaderAndIsr request correlationId 1 from controller 0 epoch 10 starting the become-leader transition for partition logging-0 (state.change.logger)
[2020-07-08 00:05:58,871] TRACE [Broker id=0] Handling LeaderAndIsr request correlationId 1 from controller 0 epoch 10 starting the become-leader transition for partition video-0 (state.change.logger)
[2020-07-08 00:05:58,871] TRACE [Broker id=0] Handling LeaderAndIsr request correlationId 1 from controller 0 epoch 10 starting the become-leader transition for partition camera-0 (state.change.logger)
[2020-07-08 00:05:58,871] TRACE [Broker id=0] Handling LeaderAndIsr request correlationId 1 from controller 0 epoch 10 starting the become-leader transition for partition algorithm-0 (state.change.logger)
[2020-07-08 00:05:58,872] TRACE [Broker id=0] Handling LeaderAndIsr request correlationId 1 from controller 0 epoch 10 starting the become-leader transition for partition microphone-0 (state.change.logger)
[2020-07-08 00:05:58,872] TRACE [Broker id=0] Handling LeaderAndIsr request correlationId 1 from controller 0 epoch 10 starting the become-leader transition for partition storyteller-0 (state.change.logger)
[2020-07-08 00:05:58,893] TRACE [Broker id=0] Stopped fetchers as part of become-leader request from controller 0 epoch 10 with correlation id 1 for partition servos-0 (last update controller epoch 4) (state.change.logger)
[2020-07-08 00:05:58,895] TRACE [Broker id=0] Stopped fetchers as part of become-leader request from controller 0 epoch 10 with correlation id 1 for partition logging-0 (last update controller epoch 4) (state.change.logger)
[2020-07-08 00:05:58,897] TRACE [Broker id=0] Stopped fetchers as part of become-leader request from controller 0 epoch 10 with correlation id 1 for partition video-0 (last update controller epoch 4) (state.change.logger)
[2020-07-08 00:05:58,899] TRACE [Broker id=0] Stopped fetchers as part of become-leader request from controller 0 epoch 10 with correlation id 1 for partition camera-0 (last update controller epoch 4) (state.change.logger)
[2020-07-08 00:05:58,901] TRACE [Broker id=0] Stopped fetchers as part of become-leader request from controller 0 epoch 10 with correlation id 1 for partition algorithm-0 (last update controller epoch 4) (state.change.logger)
[2020-07-08 00:05:58,902] TRACE [Broker id=0] Stopped fetchers as part of become-leader request from controller 0 epoch 10 with correlation id 1 for partition microphone-0 (last update controller epoch 4) (state.change.logger)
[2020-07-08 00:05:58,904] TRACE [Broker id=0] Stopped fetchers as part of become-leader request from controller 0 epoch 10 with correlation id 1 for partition storyteller-0 (last update controller epoch 1) (state.change.logger)
[2020-07-08 00:05:58,905] TRACE [Broker id=0] Completed LeaderAndIsr request correlationId 1 from controller 0 epoch 10 for the become-leader transition for partition servos-0 (state.change.logger)
[2020-07-08 00:05:58,905] TRACE [Broker id=0] Completed LeaderAndIsr request correlationId 1 from controller 0 epoch 10 for the become-leader transition for partition logging-0 (state.change.logger)
[2020-07-08 00:05:58,905] TRACE [Broker id=0] Completed LeaderAndIsr request correlationId 1 from controller 0 epoch 10 for the become-leader transition for partition video-0 (state.change.logger)
[2020-07-08 00:05:58,905] TRACE [Broker id=0] Completed LeaderAndIsr request correlationId 1 from controller 0 epoch 10 for the become-leader transition for partition camera-0 (state.change.logger)
[2020-07-08 00:05:58,905] TRACE [Broker id=0] Completed LeaderAndIsr request correlationId 1 from controller 0 epoch 10 for the become-leader transition for partition algorithm-0 (state.change.logger)
[2020-07-08 00:05:58,905] TRACE [Broker id=0] Completed LeaderAndIsr request correlationId 1 from controller 0 epoch 10 for the become-leader transition for partition microphone-0 (state.change.logger)
[2020-07-08 00:05:58,905] TRACE [Broker id=0] Completed LeaderAndIsr request correlationId 1 from controller 0 epoch 10 for the become-leader transition for partition storyteller-0 (state.change.logger)
[2020-07-08 00:05:58,912] TRACE [Controller id=0 epoch=10] Received response {error_code=0,partitions=[{topic=algorithm,partition=0,error_code=0},{topic=logging,partition=0,error_code=0},{topic=servos,partition=0,error_code=0},{topic=video,partition=0,error_code=0},{topic=microphone,partition=0,error_code=0},{topic=camera,partition=0,error_code=0},{topic=storyteller,partition=0,error_code=0}]} for request LEADER_AND_ISR with correlation id 1 sent to broker client.openvpn.net:9092 (id: 0 rack: null) (state.change.logger)
[2020-07-08 00:05:58,914] TRACE [Broker id=0] Cached leader info PartitionState(controllerEpoch=4, leader=0, leaderEpoch=0, isr=[0], zkVersion=0, replicas=[0], offlineReplicas=[]) for partition algorithm-0 in response to UpdateMetadata request sent by controller 0 epoch 10 with correlation id 2 (state.change.logger)
[2020-07-08 00:05:58,914] TRACE [Broker id=0] Cached leader info PartitionState(controllerEpoch=4, leader=0, leaderEpoch=0, isr=[0], zkVersion=0, replicas=[0], offlineReplicas=[]) for partition logging-0 in response to UpdateMetadata request sent by controller 0 epoch 10 with correlation id 2 (state.change.logger)
[2020-07-08 00:05:58,914] TRACE [Broker id=0] Cached leader info PartitionState(controllerEpoch=4, leader=0, leaderEpoch=0, isr=[0], zkVersion=0, replicas=[0], offlineReplicas=[]) for partition servos-0 in response to UpdateMetadata request sent by controller 0 epoch 10 with correlation id 2 (state.change.logger)
[2020-07-08 00:05:58,914] TRACE [Broker id=0] Cached leader info PartitionState(controllerEpoch=4, leader=0, leaderEpoch=0, isr=[0], zkVersion=0, replicas=[0], offlineReplicas=[]) for partition video-0 in response to UpdateMetadata request sent by controller 0 epoch 10 with correlation id 2 (state.change.logger)
[2020-07-08 00:05:58,914] TRACE [Broker id=0] Cached leader info PartitionState(controllerEpoch=4, leader=0, leaderEpoch=0, isr=[0], zkVersion=0, replicas=[0], offlineReplicas=[]) for partition microphone-0 in response to UpdateMetadata request sent by controller 0 epoch 10 with correlation id 2 (state.change.logger)
[2020-07-08 00:05:58,914] TRACE [Broker id=0] Cached leader info PartitionState(controllerEpoch=4, leader=0, leaderEpoch=0, isr=[0], zkVersion=0, replicas=[0], offlineReplicas=[]) for partition camera-0 in response to UpdateMetadata request sent by controller 0 epoch 10 with correlation id 2 (state.change.logger)
[2020-07-08 00:05:58,914] TRACE [Broker id=0] Cached leader info PartitionState(controllerEpoch=1, leader=0, leaderEpoch=0, isr=[0], zkVersion=0, replicas=[0], offlineReplicas=[]) for partition storyteller-0 in response to UpdateMetadata request sent by controller 0 epoch 10 with correlation id 2 (state.change.logger)
[2020-07-08 00:05:58,915] TRACE [Controller id=0 epoch=10] Received response {error_code=0} for request UPDATE_METADATA with correlation id 2 sent to broker client.openvpn.net:9092 (id: 0 rack: null) (state.change.logger)
[2020-07-08 00:07:46,223] DEBUG preRegister called. Server=com.sun.jmx.mbeanserver.JmxMBeanServer@1b68ddbd, name=log4j:logger=state.change.logger (state.change.logger)
[2020-07-08 00:30:32,675] DEBUG preRegister called. Server=com.sun.jmx.mbeanserver.JmxMBeanServer@1b68ddbd, name=log4j:logger=state.change.logger (state.change.logger)
[2020-07-08 00:32:09,280] DEBUG preRegister called. Server=com.sun.jmx.mbeanserver.JmxMBeanServer@1b68ddbd, name=log4j:logger=state.change.logger (state.change.logger)
[2020-07-08 00:32:10,734] TRACE [Controller id=0 epoch=11] Sending UpdateMetadata request PartitionState(controllerEpoch=4, leader=0, leaderEpoch=0, isr=[0], zkVersion=0, replicas=[0], offlineReplicas=[]) to brokers Set(0) for partition video-0 (state.change.logger)
[2020-07-08 00:32:10,734] TRACE [Controller id=0 epoch=11] Sending UpdateMetadata request PartitionState(controllerEpoch=4, leader=0, leaderEpoch=0, isr=[0], zkVersion=0, replicas=[0], offlineReplicas=[]) to brokers Set(0) for partition logging-0 (state.change.logger)
[2020-07-08 00:32:10,734] TRACE [Controller id=0 epoch=11] Sending UpdateMetadata request PartitionState(controllerEpoch=4, leader=0, leaderEpoch=0, isr=[0], zkVersion=0, replicas=[0], offlineReplicas=[]) to brokers Set(0) for partition servos-0 (state.change.logger)
[2020-07-08 00:32:10,734] TRACE [Controller id=0 epoch=11] Sending UpdateMetadata request PartitionState(controllerEpoch=4, leader=0, leaderEpoch=0, isr=[0], zkVersion=0, replicas=[0], offlineReplicas=[]) to brokers Set(0) for partition camera-0 (state.change.logger)
[2020-07-08 00:32:10,734] TRACE [Controller id=0 epoch=11] Sending UpdateMetadata request PartitionState(controllerEpoch=4, leader=0, leaderEpoch=0, isr=[0], zkVersion=0, replicas=[0], offlineReplicas=[]) to brokers Set(0) for partition algorithm-0 (state.change.logger)
[2020-07-08 00:32:10,735] TRACE [Controller id=0 epoch=11] Sending UpdateMetadata request PartitionState(controllerEpoch=1, leader=0, leaderEpoch=0, isr=[0], zkVersion=0, replicas=[0], offlineReplicas=[]) to brokers Set(0) for partition storyteller-0 (state.change.logger)
[2020-07-08 00:32:10,735] TRACE [Controller id=0 epoch=11] Sending UpdateMetadata request PartitionState(controllerEpoch=4, leader=0, leaderEpoch=0, isr=[0], zkVersion=0, replicas=[0], offlineReplicas=[]) to brokers Set(0) for partition microphone-0 (state.change.logger)
[2020-07-08 00:32:10,759] TRACE [Controller id=0 epoch=11] Changed state of replica 0 for partition logging-0 from OnlineReplica to OnlineReplica (state.change.logger)
[2020-07-08 00:32:10,759] TRACE [Controller id=0 epoch=11] Changed state of replica 0 for partition servos-0 from OnlineReplica to OnlineReplica (state.change.logger)
[2020-07-08 00:32:10,760] TRACE [Controller id=0 epoch=11] Changed state of replica 0 for partition microphone-0 from OnlineReplica to OnlineReplica (state.change.logger)
[2020-07-08 00:32:10,760] TRACE [Controller id=0 epoch=11] Changed state of replica 0 for partition video-0 from OnlineReplica to OnlineReplica (state.change.logger)
[2020-07-08 00:32:10,760] TRACE [Controller id=0 epoch=11] Changed state of replica 0 for partition algorithm-0 from OnlineReplica to OnlineReplica (state.change.logger)
[2020-07-08 00:32:10,760] TRACE [Controller id=0 epoch=11] Changed state of replica 0 for partition camera-0 from OnlineReplica to OnlineReplica (state.change.logger)
[2020-07-08 00:32:10,761] TRACE [Controller id=0 epoch=11] Changed state of replica 0 for partition storyteller-0 from OnlineReplica to OnlineReplica (state.change.logger)
[2020-07-08 00:32:10,762] TRACE [Controller id=0 epoch=11] Sending become-leader LeaderAndIsr request PartitionState(controllerEpoch=4, leader=0, leaderEpoch=0, isr=0, zkVersion=0, replicas=0, isNew=false) to broker 0 for partition video-0 (state.change.logger)
[2020-07-08 00:32:10,762] TRACE [Controller id=0 epoch=11] Sending become-leader LeaderAndIsr request PartitionState(controllerEpoch=4, leader=0, leaderEpoch=0, isr=0, zkVersion=0, replicas=0, isNew=false) to broker 0 for partition logging-0 (state.change.logger)
[2020-07-08 00:32:10,762] TRACE [Controller id=0 epoch=11] Sending become-leader LeaderAndIsr request PartitionState(controllerEpoch=4, leader=0, leaderEpoch=0, isr=0, zkVersion=0, replicas=0, isNew=false) to broker 0 for partition servos-0 (state.change.logger)
[2020-07-08 00:32:10,762] TRACE [Controller id=0 epoch=11] Sending become-leader LeaderAndIsr request PartitionState(controllerEpoch=4, leader=0, leaderEpoch=0, isr=0, zkVersion=0, replicas=0, isNew=false) to broker 0 for partition camera-0 (state.change.logger)
[2020-07-08 00:32:10,762] TRACE [Controller id=0 epoch=11] Sending become-leader LeaderAndIsr request PartitionState(controllerEpoch=4, leader=0, leaderEpoch=0, isr=0, zkVersion=0, replicas=0, isNew=false) to broker 0 for partition algorithm-0 (state.change.logger)
[2020-07-08 00:32:10,762] TRACE [Controller id=0 epoch=11] Sending become-leader LeaderAndIsr request PartitionState(controllerEpoch=1, leader=0, leaderEpoch=0, isr=0, zkVersion=0, replicas=0, isNew=false) to broker 0 for partition storyteller-0 (state.change.logger)
[2020-07-08 00:32:10,762] TRACE [Controller id=0 epoch=11] Sending become-leader LeaderAndIsr request PartitionState(controllerEpoch=4, leader=0, leaderEpoch=0, isr=0, zkVersion=0, replicas=0, isNew=false) to broker 0 for partition microphone-0 (state.change.logger)
[2020-07-08 00:32:10,764] TRACE [Controller id=0 epoch=11] Sending UpdateMetadata request PartitionState(controllerEpoch=4, leader=0, leaderEpoch=0, isr=[0], zkVersion=0, replicas=[0], offlineReplicas=[]) to brokers Set(0) for partition video-0 (state.change.logger)
[2020-07-08 00:32:10,764] TRACE [Controller id=0 epoch=11] Sending UpdateMetadata request PartitionState(controllerEpoch=4, leader=0, leaderEpoch=0, isr=[0], zkVersion=0, replicas=[0], offlineReplicas=[]) to brokers Set(0) for partition logging-0 (state.change.logger)
[2020-07-08 00:32:10,764] TRACE [Controller id=0 epoch=11] Sending UpdateMetadata request PartitionState(controllerEpoch=4, leader=0, leaderEpoch=0, isr=[0], zkVersion=0, replicas=[0], offlineReplicas=[]) to brokers Set(0) for partition servos-0 (state.change.logger)
[2020-07-08 00:32:10,764] TRACE [Controller id=0 epoch=11] Sending UpdateMetadata request PartitionState(controllerEpoch=4, leader=0, leaderEpoch=0, isr=[0], zkVersion=0, replicas=[0], offlineReplicas=[]) to brokers Set(0) for partition camera-0 (state.change.logger)
[2020-07-08 00:32:10,764] TRACE [Controller id=0 epoch=11] Sending UpdateMetadata request PartitionState(controllerEpoch=4, leader=0, leaderEpoch=0, isr=[0], zkVersion=0, replicas=[0], offlineReplicas=[]) to brokers Set(0) for partition algorithm-0 (state.change.logger)
[2020-07-08 00:32:10,765] TRACE [Controller id=0 epoch=11] Sending UpdateMetadata request PartitionState(controllerEpoch=1, leader=0, leaderEpoch=0, isr=[0], zkVersion=0, replicas=[0], offlineReplicas=[]) to brokers Set(0) for partition storyteller-0 (state.change.logger)
[2020-07-08 00:32:10,765] TRACE [Controller id=0 epoch=11] Sending UpdateMetadata request PartitionState(controllerEpoch=4, leader=0, leaderEpoch=0, isr=[0], zkVersion=0, replicas=[0], offlineReplicas=[]) to brokers Set(0) for partition microphone-0 (state.change.logger)
[2020-07-08 00:32:10,767] TRACE [Broker id=0] Cached leader info PartitionState(controllerEpoch=4, leader=0, leaderEpoch=0, isr=[0], zkVersion=0, replicas=[0], offlineReplicas=[]) for partition algorithm-0 in response to UpdateMetadata request sent by controller 0 epoch 11 with correlation id 0 (state.change.logger)
[2020-07-08 00:32:10,767] TRACE [Broker id=0] Cached leader info PartitionState(controllerEpoch=4, leader=0, leaderEpoch=0, isr=[0], zkVersion=0, replicas=[0], offlineReplicas=[]) for partition logging-0 in response to UpdateMetadata request sent by controller 0 epoch 11 with correlation id 0 (state.change.logger)
[2020-07-08 00:32:10,767] TRACE [Broker id=0] Cached leader info PartitionState(controllerEpoch=4, leader=0, leaderEpoch=0, isr=[0], zkVersion=0, replicas=[0], offlineReplicas=[]) for partition servos-0 in response to UpdateMetadata request sent by controller 0 epoch 11 with correlation id 0 (state.change.logger)
[2020-07-08 00:32:10,767] TRACE [Broker id=0] Cached leader info PartitionState(controllerEpoch=4, leader=0, leaderEpoch=0, isr=[0], zkVersion=0, replicas=[0], offlineReplicas=[]) for partition video-0 in response to UpdateMetadata request sent by controller 0 epoch 11 with correlation id 0 (state.change.logger)
[2020-07-08 00:32:10,768] TRACE [Broker id=0] Cached leader info PartitionState(controllerEpoch=4, leader=0, leaderEpoch=0, isr=[0], zkVersion=0, replicas=[0], offlineReplicas=[]) for partition microphone-0 in response to UpdateMetadata request sent by controller 0 epoch 11 with correlation id 0 (state.change.logger)
[2020-07-08 00:32:10,768] TRACE [Broker id=0] Cached leader info PartitionState(controllerEpoch=4, leader=0, leaderEpoch=0, isr=[0], zkVersion=0, replicas=[0], offlineReplicas=[]) for partition camera-0 in response to UpdateMetadata request sent by controller 0 epoch 11 with correlation id 0 (state.change.logger)
[2020-07-08 00:32:10,768] TRACE [Broker id=0] Cached leader info PartitionState(controllerEpoch=1, leader=0, leaderEpoch=0, isr=[0], zkVersion=0, replicas=[0], offlineReplicas=[]) for partition storyteller-0 in response to UpdateMetadata request sent by controller 0 epoch 11 with correlation id 0 (state.change.logger)
[2020-07-08 00:32:10,774] TRACE [Controller id=0 epoch=11] Received response {error_code=0} for request UPDATE_METADATA with correlation id 0 sent to broker localhost:9092 (id: 0 rack: null) (state.change.logger)
[2020-07-08 00:32:10,777] TRACE [Broker id=0] Received LeaderAndIsr request PartitionState(controllerEpoch=4, leader=0, leaderEpoch=0, isr=0, zkVersion=0, replicas=0, isNew=false) correlation id 1 from controller 0 epoch 11 for partition algorithm-0 (state.change.logger)
[2020-07-08 00:32:10,777] TRACE [Broker id=0] Received LeaderAndIsr request PartitionState(controllerEpoch=4, leader=0, leaderEpoch=0, isr=0, zkVersion=0, replicas=0, isNew=false) correlation id 1 from controller 0 epoch 11 for partition logging-0 (state.change.logger)
[2020-07-08 00:32:10,777] TRACE [Broker id=0] Received LeaderAndIsr request PartitionState(controllerEpoch=4, leader=0, leaderEpoch=0, isr=0, zkVersion=0, replicas=0, isNew=false) correlation id 1 from controller 0 epoch 11 for partition servos-0 (state.change.logger)
[2020-07-08 00:32:10,777] TRACE [Broker id=0] Received LeaderAndIsr request PartitionState(controllerEpoch=4, leader=0, leaderEpoch=0, isr=0, zkVersion=0, replicas=0, isNew=false) correlation id 1 from controller 0 epoch 11 for partition video-0 (state.change.logger)
[2020-07-08 00:32:10,777] TRACE [Broker id=0] Received LeaderAndIsr request PartitionState(controllerEpoch=4, leader=0, leaderEpoch=0, isr=0, zkVersion=0, replicas=0, isNew=false) correlation id 1 from controller 0 epoch 11 for partition microphone-0 (state.change.logger)
[2020-07-08 00:32:10,777] TRACE [Broker id=0] Received LeaderAndIsr request PartitionState(controllerEpoch=4, leader=0, leaderEpoch=0, isr=0, zkVersion=0, replicas=0, isNew=false) correlation id 1 from controller 0 epoch 11 for partition camera-0 (state.change.logger)
[2020-07-08 00:32:10,777] TRACE [Broker id=0] Received LeaderAndIsr request PartitionState(controllerEpoch=1, leader=0, leaderEpoch=0, isr=0, zkVersion=0, replicas=0, isNew=false) correlation id 1 from controller 0 epoch 11 for partition storyteller-0 (state.change.logger)
[2020-07-08 00:32:10,785] TRACE [Broker id=0] Handling LeaderAndIsr request correlationId 1 from controller 0 epoch 11 starting the become-leader transition for partition servos-0 (state.change.logger)
[2020-07-08 00:32:10,785] TRACE [Broker id=0] Handling LeaderAndIsr request correlationId 1 from controller 0 epoch 11 starting the become-leader transition for partition logging-0 (state.change.logger)
[2020-07-08 00:32:10,785] TRACE [Broker id=0] Handling LeaderAndIsr request correlationId 1 from controller 0 epoch 11 starting the become-leader transition for partition video-0 (state.change.logger)
[2020-07-08 00:32:10,785] TRACE [Broker id=0] Handling LeaderAndIsr request correlationId 1 from controller 0 epoch 11 starting the become-leader transition for partition camera-0 (state.change.logger)
[2020-07-08 00:32:10,785] TRACE [Broker id=0] Handling LeaderAndIsr request correlationId 1 from controller 0 epoch 11 starting the become-leader transition for partition algorithm-0 (state.change.logger)
[2020-07-08 00:32:10,785] TRACE [Broker id=0] Handling LeaderAndIsr request correlationId 1 from controller 0 epoch 11 starting the become-leader transition for partition microphone-0 (state.change.logger)
[2020-07-08 00:32:10,785] TRACE [Broker id=0] Handling LeaderAndIsr request correlationId 1 from controller 0 epoch 11 starting the become-leader transition for partition storyteller-0 (state.change.logger)
[2020-07-08 00:32:10,806] TRACE [Broker id=0] Stopped fetchers as part of become-leader request from controller 0 epoch 11 with correlation id 1 for partition servos-0 (last update controller epoch 4) (state.change.logger)
[2020-07-08 00:32:10,808] TRACE [Broker id=0] Stopped fetchers as part of become-leader request from controller 0 epoch 11 with correlation id 1 for partition logging-0 (last update controller epoch 4) (state.change.logger)
[2020-07-08 00:32:10,810] TRACE [Broker id=0] Stopped fetchers as part of become-leader request from controller 0 epoch 11 with correlation id 1 for partition video-0 (last update controller epoch 4) (state.change.logger)
[2020-07-08 00:32:10,812] TRACE [Broker id=0] Stopped fetchers as part of become-leader request from controller 0 epoch 11 with correlation id 1 for partition camera-0 (last update controller epoch 4) (state.change.logger)
[2020-07-08 00:32:10,814] TRACE [Broker id=0] Stopped fetchers as part of become-leader request from controller 0 epoch 11 with correlation id 1 for partition algorithm-0 (last update controller epoch 4) (state.change.logger)
[2020-07-08 00:32:10,816] TRACE [Broker id=0] Stopped fetchers as part of become-leader request from controller 0 epoch 11 with correlation id 1 for partition microphone-0 (last update controller epoch 4) (state.change.logger)
[2020-07-08 00:32:10,818] TRACE [Broker id=0] Stopped fetchers as part of become-leader request from controller 0 epoch 11 with correlation id 1 for partition storyteller-0 (last update controller epoch 1) (state.change.logger)
[2020-07-08 00:32:10,819] TRACE [Broker id=0] Completed LeaderAndIsr request correlationId 1 from controller 0 epoch 11 for the become-leader transition for partition servos-0 (state.change.logger)
[2020-07-08 00:32:10,819] TRACE [Broker id=0] Completed LeaderAndIsr request correlationId 1 from controller 0 epoch 11 for the become-leader transition for partition logging-0 (state.change.logger)
[2020-07-08 00:32:10,819] TRACE [Broker id=0] Completed LeaderAndIsr request correlationId 1 from controller 0 epoch 11 for the become-leader transition for partition video-0 (state.change.logger)
[2020-07-08 00:32:10,819] TRACE [Broker id=0] Completed LeaderAndIsr request correlationId 1 from controller 0 epoch 11 for the become-leader transition for partition camera-0 (state.change.logger)
[2020-07-08 00:32:10,819] TRACE [Broker id=0] Completed LeaderAndIsr request correlationId 1 from controller 0 epoch 11 for the become-leader transition for partition algorithm-0 (state.change.logger)
[2020-07-08 00:32:10,819] TRACE [Broker id=0] Completed LeaderAndIsr request correlationId 1 from controller 0 epoch 11 for the become-leader transition for partition microphone-0 (state.change.logger)
[2020-07-08 00:32:10,819] TRACE [Broker id=0] Completed LeaderAndIsr request correlationId 1 from controller 0 epoch 11 for the become-leader transition for partition storyteller-0 (state.change.logger)
[2020-07-08 00:32:10,826] TRACE [Controller id=0 epoch=11] Received response {error_code=0,partitions=[{topic=algorithm,partition=0,error_code=0},{topic=logging,partition=0,error_code=0},{topic=servos,partition=0,error_code=0},{topic=video,partition=0,error_code=0},{topic=microphone,partition=0,error_code=0},{topic=camera,partition=0,error_code=0},{topic=storyteller,partition=0,error_code=0}]} for request LEADER_AND_ISR with correlation id 1 sent to broker localhost:9092 (id: 0 rack: null) (state.change.logger)
[2020-07-08 00:32:10,829] TRACE [Broker id=0] Cached leader info PartitionState(controllerEpoch=4, leader=0, leaderEpoch=0, isr=[0], zkVersion=0, replicas=[0], offlineReplicas=[]) for partition algorithm-0 in response to UpdateMetadata request sent by controller 0 epoch 11 with correlation id 2 (state.change.logger)
[2020-07-08 00:32:10,829] TRACE [Broker id=0] Cached leader info PartitionState(controllerEpoch=4, leader=0, leaderEpoch=0, isr=[0], zkVersion=0, replicas=[0], offlineReplicas=[]) for partition logging-0 in response to UpdateMetadata request sent by controller 0 epoch 11 with correlation id 2 (state.change.logger)
[2020-07-08 00:32:10,829] TRACE [Broker id=0] Cached leader info PartitionState(controllerEpoch=4, leader=0, leaderEpoch=0, isr=[0], zkVersion=0, replicas=[0], offlineReplicas=[]) for partition servos-0 in response to UpdateMetadata request sent by controller 0 epoch 11 with correlation id 2 (state.change.logger)
[2020-07-08 00:32:10,829] TRACE [Broker id=0] Cached leader info PartitionState(controllerEpoch=4, leader=0, leaderEpoch=0, isr=[0], zkVersion=0, replicas=[0], offlineReplicas=[]) for partition video-0 in response to UpdateMetadata request sent by controller 0 epoch 11 with correlation id 2 (state.change.logger)
[2020-07-08 00:32:10,829] TRACE [Broker id=0] Cached leader info PartitionState(controllerEpoch=4, leader=0, leaderEpoch=0, isr=[0], zkVersion=0, replicas=[0], offlineReplicas=[]) for partition microphone-0 in response to UpdateMetadata request sent by controller 0 epoch 11 with correlation id 2 (state.change.logger)
[2020-07-08 00:32:10,829] TRACE [Broker id=0] Cached leader info PartitionState(controllerEpoch=4, leader=0, leaderEpoch=0, isr=[0], zkVersion=0, replicas=[0], offlineReplicas=[]) for partition camera-0 in response to UpdateMetadata request sent by controller 0 epoch 11 with correlation id 2 (state.change.logger)
[2020-07-08 00:32:10,829] TRACE [Broker id=0] Cached leader info PartitionState(controllerEpoch=1, leader=0, leaderEpoch=0, isr=[0], zkVersion=0, replicas=[0], offlineReplicas=[]) for partition storyteller-0 in response to UpdateMetadata request sent by controller 0 epoch 11 with correlation id 2 (state.change.logger)
[2020-07-08 00:32:10,829] TRACE [Controller id=0 epoch=11] Received response {error_code=0} for request UPDATE_METADATA with correlation id 2 sent to broker localhost:9092 (id: 0 rack: null) (state.change.logger)
